Arguments: 
  /home/langpham/.asdf/installs/nodejs/18.10.0/bin/node /home/langpham/.asdf/installs/yarn/1.22.19/bin/yarn.js init

PATH: 
  /home/langpham/.asdf/plugins/nodejs/shims:/home/langpham/.asdf/installs/nodejs/18.10.0/bin:/home/langpham/.asdf/installs/yarn/1.22.19/bin:/opt/flutter/bin:/usr/lib/jvm/java-19-openjdk/bin:/home/langpham/.local/bin:/home/langpham/go/bin:/home/langpham/.cargo/bin:/home/langpham/.surrealdb:/home/langpham/.local/share/pnpm:/home/langpham/.asdf/shims:/opt/asdf-vm/bin:/usr/local/bin:/usr/bin:/bin:/usr/local/sbin:/opt/flutter/bin:/usr/lib/jvm/default/bin:/usr/bin/site_perl:/usr/bin/vendor_perl:/usr/bin/core_perl:/home/langpham/.yarn/bin

Yarn version: 
  1.22.19

Node version: 
  18.10.0

Platform: 
  linux x64

Trace: 
  Error: canceled
      at Interface.<anonymous> (/home/langpham/.asdf/installs/yarn/1.22.19/lib/cli.js:137150:13)
      at Interface.emit (node:events:513:28)
      at [_ttyWrite] [as _ttyWrite] (node:internal/readline/interface:1124:18)
      at ReadStream.onkeypress (node:internal/readline/interface:273:20)
      at ReadStream.emit (node:events:513:28)
      at emitKeys (node:internal/readline/utils:357:14)
      at emitKeys.next (<anonymous>)
      at ReadStream.onData (node:internal/readline/emitKeypressEvents:64:36)
      at ReadStream.emit (node:events:513:28)
      at addChunk (node:internal/streams/readable:324:12)

npm manifest: 
  No manifest

yarn manifest: 
  No manifest

Lockfile: 
  No lockfile
